Using pre-set license
Built from '2020.2/release' branch; Version is '2020.2.2f1 (068178b99f32) revision 426360'; Using compiler version '192528614'; Build Type 'Release'
OS: 'Windows 10 Home; OS build 19041.867; Version 2004; 64bit' Language: 'nl' Physical Memory: 16257 MB
BatchMode: 1, IsHumanControllingUs: 0, StartBugReporterOnCrash: 0, Is64bit: 1, IsPro: 0

 COMMAND LINE ARGUMENTS:
D:\%UnityFiles\2020.2.2f1\Editor\Unity.exe
-adb2
-batchMode
-noUpm
-name
AssetImportWorker0
-projectPath
C:/Users/Lars/Documents/KdG/2de_jaar/Advanced_3D_Development/Examenopdracht/3DDevExamen4.0/Multiplayer_Setup_Basic
-logFile
Logs/AssetImportWorker0.log
-srvPort
58145
Successfully changed project path to: C:/Users/Lars/Documents/KdG/2de_jaar/Advanced_3D_Development/Examenopdracht/3DDevExamen4.0/Multiplayer_Setup_Basic
C:/Users/Lars/Documents/KdG/2de_jaar/Advanced_3D_Development/Examenopdracht/3DDevExamen4.0/Multiplayer_Setup_Basic
Using Asset Import Pipeline V2.
Refreshing native plugins compatible for Editor in 67.89 ms, found 3 plugins.
Preloading 1 native plugins for Editor in 1.80 ms.
Initialize engine version: 2020.2.2f1 (068178b99f32)
[Subsystems] Discovering subsystems at path D:/%UnityFiles/2020.2.2f1/Editor/Data/Resources/UnitySubsystems
[Subsystems] Discovering subsystems at path C:/Users/Lars/Documents/KdG/2de_jaar/Advanced_3D_Development/Examenopdracht/3DDevExamen4.0/Multiplayer_Setup_Basic/Assets
GfxDevice: creating device client; threaded=0
Direct3D:
    Version:  Direct3D 11.0 [level 11.1]
    Renderer: NVIDIA GeForce GTX 1060 (ID=0x1c20)
    Vendor:   
    VRAM:     6052 MB
    Driver:   27.21.14.6192
Shader 'Oculus/OVRMRCameraFrameLit': fallback shader 'Alpha-Diffuse' not found
Initialize mono
Mono path[0] = 'D:/%UnityFiles/2020.2.2f1/Editor/Data/Managed'
Mono path[1] = 'D:/%UnityFiles/2020.2.2f1/Editor/Data/MonoBleedingEdge/lib/mono/unityjit'
Mono config path = 'D:/%UnityFiles/2020.2.2f1/Editor/Data/MonoBleedingEdge/etc'
Using monoOptions --debugger-agent=transport=dt_socket,embedding=1,server=y,suspend=n,address=127.0.0.1:56536
Begin MonoManager ReloadAssembly
Registering precompiled unity dll's ...
Register platform support module: D:/%UnityFiles/2020.2.2f1/Editor/Data/PlaybackEngines/WindowsStandaloneSupport/UnityEditor.WindowsStandalone.Extensions.dll
Registered in 0.001234 seconds.
Native extension for WindowsStandalone target not found
Refreshing native plugins compatible for Editor in 55.43 ms, found 3 plugins.
Preloading 1 native plugins for Editor in 0.13 ms.
Invoked RoslynAnalysisRunner static constructor.
RoslynAnalysisRunner will not be running.
RoslynAnalysisRunner has terminated.
Mono: successfully reloaded assembly
- Completed reload, in  2.481 seconds
Platform modules already initialized, skipping
Registering precompiled user dll's ...
Registered in 0.003623 seconds.
Begin MonoManager ReloadAssembly
Native extension for WindowsStandalone target not found
Refreshing native plugins compatible for Editor in 0.58 ms, found 3 plugins.
Preloading 1 native plugins for Editor in 0.09 ms.
Invoked RoslynAnalysisRunner static constructor.
RoslynAnalysisRunner will not be running.
RoslynAnalysisRunner has terminated.
Mono: successfully reloaded assembly
- Completed reload, in  1.120 seconds
Platform modules already initialized, skipping
========================================================================
Worker process is ready to serve import requests
Shader 'Oculus/OVRMRCameraFrameLit': fallback shader 'Alpha-Diffuse' not found
Launched and connected shader compiler UnityShaderCompiler.exe after 0.06 seconds
Refreshing native plugins compatible for Editor in 0.81 ms, found 3 plugins.
Preloading 1 native plugins for Editor in 0.10 ms.
Unloading 2158 Unused Serialized files (Serialized files now loaded: 0)
System memory in use before: 107.9 MB.
System memory in use after: 108.0 MB.

Unloading 117 unused Assets to reduce memory usage. Loaded Objects now: 2572.
Total: 2.482300 ms (FindLiveObjects: 0.299400 ms CreateObjectMapping: 0.140200 ms MarkObjects: 1.885100 ms  DeleteObjects: 0.156500 ms)

========================================================================
Received Import Request.
  path: Assets/Resources/PhotonPrefabs/PlayerController VR.prefab
  artifactKey: Guid(9ac3f5a5845a8fd41890df687f60bacb) Importer(815301076,1909f56bfc062723c751e8b465ee728b)
Start importing Assets/Resources/PhotonPrefabs/PlayerController VR.prefab using Guid(9ac3f5a5845a8fd41890df687f60bacb) Importer(815301076,1909f56bfc062723c751e8b465ee728b)  -> (artifact id: 'f1cf12d37eaf389296668b192d293073') in 0.166323 seconds
  Import took 0.170510 seconds .

========================================================================
Received Import Request.
  Time since last request: 4.601549 seconds.
  path: Assets/Resources/PhotonPrefabs/PlayerControllerPC.prefab
  artifactKey: Guid(baeb9db9b1dddd3439d64394d0e03cf6) Importer(815301076,1909f56bfc062723c751e8b465ee728b)
Start importing Assets/Resources/PhotonPrefabs/PlayerControllerPC.prefab using Guid(baeb9db9b1dddd3439d64394d0e03cf6) Importer(815301076,1909f56bfc062723c751e8b465ee728b)  -> (artifact id: 'fafee7f6c75043ea72f0448adc2388da') in 0.018433 seconds
  Import took 0.023239 seconds .

========================================================================
Received Import Request.
  Time since last request: 11.513678 seconds.
  path: Assets/Resources/PhotonPrefabs/PlayerController VR.prefab
  artifactKey: Guid(9ac3f5a5845a8fd41890df687f60bacb) Importer(815301076,1909f56bfc062723c751e8b465ee728b)
Start importing Assets/Resources/PhotonPrefabs/PlayerController VR.prefab using Guid(9ac3f5a5845a8fd41890df687f60bacb) Importer(815301076,1909f56bfc062723c751e8b465ee728b)  -> (artifact id: 'db498536d7d7c37cde01a80d818bd47f') in 0.009411 seconds
  Import took 0.014119 seconds .

========================================================================
Received Import Request.
  Time since last request: 8.221090 seconds.
  path: Assets/Resources/PhotonPrefabs/PlayerController VR.prefab
  artifactKey: Guid(9ac3f5a5845a8fd41890df687f60bacb) Importer(815301076,1909f56bfc062723c751e8b465ee728b)
Start importing Assets/Resources/PhotonPrefabs/PlayerController VR.prefab using Guid(9ac3f5a5845a8fd41890df687f60bacb) Importer(815301076,1909f56bfc062723c751e8b465ee728b)  -> (artifact id: 'aad42430393aa2927657c3f09ee486f2') in 0.012991 seconds
  Import took 0.017822 seconds .

========================================================================
Received Import Request.
  Time since last request: 8.182278 seconds.
  path: Assets/Resources/PhotonPrefabs/PlayerController VR.prefab
  artifactKey: Guid(9ac3f5a5845a8fd41890df687f60bacb) Importer(815301076,1909f56bfc062723c751e8b465ee728b)
Start importing Assets/Resources/PhotonPrefabs/PlayerController VR.prefab using Guid(9ac3f5a5845a8fd41890df687f60bacb) Importer(815301076,1909f56bfc062723c751e8b465ee728b)  -> (artifact id: 'ac1ae48b3451a11036b3a0b4b9381d09') in 0.017046 seconds
  Import took 0.023270 seconds .

========================================================================
Received Import Request.
  Time since last request: 5.225777 seconds.
  path: Assets/Resources/PhotonPrefabs/PlayerController VR.prefab
  artifactKey: Guid(9ac3f5a5845a8fd41890df687f60bacb) Importer(815301076,1909f56bfc062723c751e8b465ee728b)
Start importing Assets/Resources/PhotonPrefabs/PlayerController VR.prefab using Guid(9ac3f5a5845a8fd41890df687f60bacb) Importer(815301076,1909f56bfc062723c751e8b465ee728b)  -> (artifact id: '3d32a1652185f1e5b994e79f621d1a61') in 0.010375 seconds
  Import took 0.015010 seconds .

========================================================================
Received Import Request.
  Time since last request: 2.225838 seconds.
  path: Assets/Resources/PhotonPrefabs/PlayerController VR.prefab
  artifactKey: Guid(9ac3f5a5845a8fd41890df687f60bacb) Importer(815301076,1909f56bfc062723c751e8b465ee728b)
Start importing Assets/Resources/PhotonPrefabs/PlayerController VR.prefab using Guid(9ac3f5a5845a8fd41890df687f60bacb) Importer(815301076,1909f56bfc062723c751e8b465ee728b)  -> (artifact id: '68a5a0b5c7a2150e360ad7f9764d36c0') in 0.013740 seconds
  Import took 0.017861 seconds .

========================================================================
Received Import Request.
  Time since last request: 8.263611 seconds.
  path: Assets/Resources/PhotonPrefabs/PlayerController VR.prefab
  artifactKey: Guid(9ac3f5a5845a8fd41890df687f60bacb) Importer(815301076,1909f56bfc062723c751e8b465ee728b)
Start importing Assets/Resources/PhotonPrefabs/PlayerController VR.prefab using Guid(9ac3f5a5845a8fd41890df687f60bacb) Importer(815301076,1909f56bfc062723c751e8b465ee728b)  -> (artifact id: '0d6e0aaf57ad5985b7b943c874631eeb') in 0.011383 seconds
  Import took 0.016948 seconds .

========================================================================
Received Import Request.
  Time since last request: 10.079260 seconds.
  path: Assets/Resources/PhotonPrefabs/PlayerControllerVR.prefab
  artifactKey: Guid(9ac3f5a5845a8fd41890df687f60bacb) Importer(815301076,1909f56bfc062723c751e8b465ee728b)
Start importing Assets/Resources/PhotonPrefabs/PlayerControllerVR.prefab using Guid(9ac3f5a5845a8fd41890df687f60bacb) Importer(815301076,1909f56bfc062723c751e8b465ee728b)  -> (artifact id: '8cca5f04a86af333a9d8af7f96066614') in 0.017810 seconds
  Import took 0.022271 seconds .

========================================================================
Received Import Request.
  Time since last request: 13.326018 seconds.
  path: Assets/Resources/PhotonPrefabs/PlayerControllerPC.prefab
  artifactKey: Guid(baeb9db9b1dddd3439d64394d0e03cf6) Importer(815301076,1909f56bfc062723c751e8b465ee728b)
Start importing Assets/Resources/PhotonPrefabs/PlayerControllerPC.prefab using Guid(baeb9db9b1dddd3439d64394d0e03cf6) Importer(815301076,1909f56bfc062723c751e8b465ee728b)  -> (artifact id: 'a89d52070ecf61a440a4d331899aeb23') in 0.010888 seconds
  Import took 0.017239 seconds .

========================================================================
Received Import Request.
  Time since last request: 1.390337 seconds.
  path: Assets/Resources/PhotonPrefabs/PlayerControllerPC.prefab
  artifactKey: Guid(baeb9db9b1dddd3439d64394d0e03cf6) Importer(815301076,1909f56bfc062723c751e8b465ee728b)
Start importing Assets/Resources/PhotonPrefabs/PlayerControllerPC.prefab using Guid(baeb9db9b1dddd3439d64394d0e03cf6) Importer(815301076,1909f56bfc062723c751e8b465ee728b)  -> (artifact id: '805b5cbfacb3a3b7efad822ea0ea35aa') in 0.013465 seconds
  Import took 0.018238 seconds .

========================================================================
Received Import Request.
  Time since last request: 3.653931 seconds.
  path: Assets/Resources/PhotonPrefabs/PlayerControllerPC.prefab
  artifactKey: Guid(baeb9db9b1dddd3439d64394d0e03cf6) Importer(815301076,1909f56bfc062723c751e8b465ee728b)
Start importing Assets/Resources/PhotonPrefabs/PlayerControllerPC.prefab using Guid(baeb9db9b1dddd3439d64394d0e03cf6) Importer(815301076,1909f56bfc062723c751e8b465ee728b)  -> (artifact id: '61228c5a5abc12b841c88be9ba0280b7') in 0.017485 seconds
  Import took 0.021247 seconds .

========================================================================
Received Import Request.
  Time since last request: 0.002993 seconds.
  path: Assets/Resources/PhotonPrefabs/PlayerControllerPC.prefab
  artifactKey: Guid(baeb9db9b1dddd3439d64394d0e03cf6) Importer(815301076,1909f56bfc062723c751e8b465ee728b)
Start importing Assets/Resources/PhotonPrefabs/PlayerControllerPC.prefab using Guid(baeb9db9b1dddd3439d64394d0e03cf6) Importer(815301076,1909f56bfc062723c751e8b465ee728b)  -> (artifact id: '61228c5a5abc12b841c88be9ba0280b7') in 0.014036 seconds
  Import took 0.018537 seconds .

AssetImportWorkerClient::OnTransportError - code=2 error=End of file
