Using pre-set license
Built from '2020.2/release' branch; Version is '2020.2.2f1 (068178b99f32) revision 426360'; Using compiler version '192528614'; Build Type 'Release'
OS: 'Windows 10 Home; OS build 19041.867; Version 2004; 64bit' Language: 'nl' Physical Memory: 16257 MB
BatchMode: 1, IsHumanControllingUs: 0, StartBugReporterOnCrash: 0, Is64bit: 1, IsPro: 0

 COMMAND LINE ARGUMENTS:
D:\%UnityFiles\2020.2.2f1\Editor\Unity.exe
-adb2
-batchMode
-noUpm
-name
AssetImportWorker0
-projectPath
C:/Users/Lars/Documents/KdG/2de_jaar/Advanced_3D_Development/Examenopdracht/VR_Test/Multiplayer_Setup_Basic
-logFile
Logs/AssetImportWorker0.log
-srvPort
55661
Successfully changed project path to: C:/Users/Lars/Documents/KdG/2de_jaar/Advanced_3D_Development/Examenopdracht/VR_Test/Multiplayer_Setup_Basic
C:/Users/Lars/Documents/KdG/2de_jaar/Advanced_3D_Development/Examenopdracht/VR_Test/Multiplayer_Setup_Basic
Using Asset Import Pipeline V2.
Refreshing native plugins compatible for Editor in 52.31 ms, found 0 plugins.
Preloading 0 native plugins for Editor in 0.00 ms.
Initialize engine version: 2020.2.2f1 (068178b99f32)
[Subsystems] Discovering subsystems at path D:/%UnityFiles/2020.2.2f1/Editor/Data/Resources/UnitySubsystems
[Subsystems] Discovering subsystems at path C:/Users/Lars/Documents/KdG/2de_jaar/Advanced_3D_Development/Examenopdracht/VR_Test/Multiplayer_Setup_Basic/Assets
GfxDevice: creating device client; threaded=0
Direct3D:
    Version:  Direct3D 11.0 [level 11.1]
    Renderer: NVIDIA GeForce GTX 1060 (ID=0x1c20)
    Vendor:   
    VRAM:     6052 MB
    Driver:   27.21.14.6192
Initialize mono
Mono path[0] = 'D:/%UnityFiles/2020.2.2f1/Editor/Data/Managed'
Mono path[1] = 'D:/%UnityFiles/2020.2.2f1/Editor/Data/MonoBleedingEdge/lib/mono/unityjit'
Mono config path = 'D:/%UnityFiles/2020.2.2f1/Editor/Data/MonoBleedingEdge/etc'
Using monoOptions --debugger-agent=transport=dt_socket,embedding=1,server=y,suspend=n,address=127.0.0.1:56280
Begin MonoManager ReloadAssembly
Registering precompiled unity dll's ...
Register platform support module: D:/%UnityFiles/2020.2.2f1/Editor/Data/PlaybackEngines/WindowsStandaloneSupport/UnityEditor.WindowsStandalone.Extensions.dll
Registered in 0.002820 seconds.
Native extension for WindowsStandalone target not found
Refreshing native plugins compatible for Editor in 64.68 ms, found 0 plugins.
Preloading 0 native plugins for Editor in 0.00 ms.
Invoked RoslynAnalysisRunner static constructor.
RoslynAnalysisRunner will not be running.
RoslynAnalysisRunner has terminated.
Mono: successfully reloaded assembly
- Completed reload, in  9.064 seconds
Platform modules already initialized, skipping
Registering precompiled user dll's ...
Registered in 0.007928 seconds.
Begin MonoManager ReloadAssembly
Native extension for WindowsStandalone target not found
Refreshing native plugins compatible for Editor in 0.58 ms, found 0 plugins.
Preloading 0 native plugins for Editor in 0.00 ms.
Invoked RoslynAnalysisRunner static constructor.
RoslynAnalysisRunner will not be running.
RoslynAnalysisRunner has terminated.
Mono: successfully reloaded assembly
- Completed reload, in  1.963 seconds
Platform modules already initialized, skipping
========================================================================
Worker process is ready to serve import requests
Launched and connected shader compiler UnityShaderCompiler.exe after 0.10 seconds
Refreshing native plugins compatible for Editor in 0.70 ms, found 0 plugins.
Preloading 0 native plugins for Editor in 0.00 ms.
Unloading 1224 Unused Serialized files (Serialized files now loaded: 0)
System memory in use before: 63.3 MB.
System memory in use after: 63.3 MB.

Unloading 16 unused Assets to reduce memory usage. Loaded Objects now: 1661.
Total: 3.996600 ms (FindLiveObjects: 0.292200 ms CreateObjectMapping: 0.115300 ms MarkObjects: 3.391500 ms  DeleteObjects: 0.195500 ms)

========================================================================
Received Import Request.
  path: Assets/Scripts/PlayerController.cs
  artifactKey: Guid(e7c8b6385973a38448e208b6c0dbefdc) Importer(815301076,1909f56bfc062723c751e8b465ee728b)
Start importing Assets/Scripts/PlayerController.cs using Guid(e7c8b6385973a38448e208b6c0dbefdc) Importer(815301076,1909f56bfc062723c751e8b465ee728b)  -> (artifact id: 'fe94dffb1768a43bd015be1e32de2ded') in 0.139100 seconds
  Import took 0.143327 seconds .

========================================================================
Received Import Request.
  Time since last request: 12.603153 seconds.
  path: Assets/Scripts/PlayerManager.cs
  artifactKey: Guid(9469789ed358db941922c5e6d4d5b4d2) Importer(815301076,1909f56bfc062723c751e8b465ee728b)
Start importing Assets/Scripts/PlayerManager.cs using Guid(9469789ed358db941922c5e6d4d5b4d2) Importer(815301076,1909f56bfc062723c751e8b465ee728b)  -> (artifact id: '63c2a772e8730a4c92aa0b140dcbc270') in 0.017501 seconds
  Import took 0.023204 seconds .

========================================================================
Received Import Request.
  Time since last request: 0.007126 seconds.
  path: Assets/Scripts/PlayerManager.cs
  artifactKey: Guid(9469789ed358db941922c5e6d4d5b4d2) Importer(815301076,1909f56bfc062723c751e8b465ee728b)
Start importing Assets/Scripts/PlayerManager.cs using Guid(9469789ed358db941922c5e6d4d5b4d2) Importer(815301076,1909f56bfc062723c751e8b465ee728b)  -> (artifact id: '63c2a772e8730a4c92aa0b140dcbc270') in 0.008348 seconds
  Import took 0.012433 seconds .

AssetImportWorkerClient::OnTransportError - code=2 error=End of file
